\BOOKMARK [1][-]{Doc-Start}{Zoznam\040pou\236it\375ch\040skratiek\040a\040symbolov}{}% 1
\BOOKMARK [1][-]{Doc-Start}{Zoznam\040obr\341zkov}{}% 2
\BOOKMARK [1][-]{Doc-Start}{Zoznam\040tabuliek}{}% 3
\BOOKMARK [1][-]{section.1}{\332vod}{}% 4
\BOOKMARK [2][-]{subsection.1.1}{Motiv\341cia}{section.1}% 5
\BOOKMARK [2][-]{subsection.1.2}{V\355zia}{section.1}% 6
\BOOKMARK [2][-]{subsection.1.3}{\227trukt\372ra\040pr\341ce}{section.1}% 7
\BOOKMARK [1][-]{section.2}{S\372visiace\040pr\341ce}{}% 8
\BOOKMARK [1][-]{section.3}{Emailov\341\040komunik\341cia}{}% 9
\BOOKMARK [2][-]{subsection.3.1}{\376\377\000S\000t\000r\000u\001\015\000n\000\341\000\040\000h\000i\000s\000t\000\363\000r\000i\000a\000\040\000e\000m\000a\000i\000l\000u}{section.3}% 10
\BOOKMARK [2][-]{subsection.3.2}{\227trukt\372ra\040emailu}{section.3}% 11
\BOOKMARK [2][-]{subsection.3.3}{\376\377\000E\000m\000a\000i\000l\000y\000\040\000v\000\040\000s\000\372\001\015\000a\000s\000n\000o\000s\000t\000i}{section.3}% 12
\BOOKMARK [1][-]{section.4}{Teoretick\375\040z\341klad}{}% 13
\BOOKMARK [2][-]{subsection.4.1}{Graf}{section.4}% 14
\BOOKMARK [2][-]{subsection.4.2}{Metriky}{section.4}% 15
\BOOKMARK [3][-]{subsubsection.4.2.1}{Closeness\040centrality\040\(Centralita\040bl\355zkosti\)}{subsection.4.2}% 16
\BOOKMARK [3][-]{subsubsection.4.2.2}{\376\377\000B\000e\000t\000w\000e\000e\000n\000e\000s\000s\000\040\000c\000e\000n\000t\000r\000a\000l\000i\000t\000y\000\040\000\050\000C\000e\000n\000t\000r\000a\000l\000i\000t\000a\000\040\000m\000e\000d\000z\000i\001\076\000a\000h\000l\000o\000s\000t\000i\000\051}{subsection.4.2}% 17
\BOOKMARK [3][-]{subsubsection.4.2.3}{Modularita}{subsection.4.2}% 18
\BOOKMARK [1][-]{section.5}{\376\377\000S\000o\000c\000i\000\341\000l\000n\000a\000\040\000s\000i\000e\001\145}{}% 19
\BOOKMARK [2][-]{subsection.5.1}{Hist\363ria\040soci\341lnych\040siet\355}{section.5}% 20
\BOOKMARK [2][-]{subsection.5.2}{Anal\375za\040soci\341lnych\040siet\355}{section.5}% 21
\BOOKMARK [2][-]{subsection.5.3}{\376\377\000K\000o\000m\000u\000n\000i\000t\000y\000\040\000v\000\040\000s\000o\000c\000i\000\341\000l\000n\000y\000c\000h\000\040\000s\000i\000e\001\145\000a\000c\000h}{section.5}% 22
\BOOKMARK [3][-]{subsubsection.5.3.1}{H2:\040Predpoklad\040s\372vislosti\040a\040hustoty}{subsection.5.3}% 23
\BOOKMARK [3][-]{subsubsection.5.3.2}{Maxim\341lne\040kliky}{subsection.5.3}% 24
\BOOKMARK [2][-]{subsection.5.4}{Siln\351\040a\040slab\351\040komunity}{section.5}% 25
\BOOKMARK [2][-]{subsection.5.5}{Detekcia\040komun\355t}{section.5}% 26
\BOOKMARK [3][-]{subsubsection.5.5.1}{Louvainov\040algoritmus\040pre\040detekciu\040komun\355t}{subsection.5.5}% 27
\BOOKMARK [2][-]{subsection.5.6}{\376\377\000E\000g\000o\000\040\000s\000i\000e\001\145}{section.5}% 28
\BOOKMARK [1][-]{section.6}{Met\363dy\040anal\375zy\040soci\341lnych\040siet\355}{}% 29
\BOOKMARK [2][-]{subsection.6.1}{\376\377\000S\000S\000R\000M\000\040\000-\000\040\000F\000r\000a\000m\000e\000w\000o\000r\000k\000\040\000p\000r\000e\000\040\000d\000e\000t\000e\000k\000c\000i\000u\000\040\001\141\000t\000r\000u\000k\000t\000u\000r\000\341\000l\000n\000y\000c\000h\000\040\000r\000o\000l\000\355\000\040\000v\000\040\000s\000o\000c\000i\000\341\000l\000n\000y\000c\000h\000\040\000s\000i\000e\001\145\000a\000c\000h}{section.6}% 30
\BOOKMARK [3][-]{subsubsection.6.1.1}{Rola\040v\040kontexte\040SSRM}{subsection.6.1}% 31
\BOOKMARK [3][-]{subsubsection.6.1.2}{Roly\040definovan\351\040v\040SSRM}{subsection.6.1}% 32
\BOOKMARK [2][-]{subsection.6.2}{Identifik\341cia\040\235truktur\341lnych\040soci\341lnych\040rol\355}{section.6}% 33
\BOOKMARK [3][-]{subsubsection.6.2.1}{Outsider}{subsection.6.2}% 34
\BOOKMARK [3][-]{subsubsection.6.2.2}{Leader}{subsection.6.2}% 35
\BOOKMARK [3][-]{subsubsection.6.2.3}{Outermost}{subsection.6.2}% 36
\BOOKMARK [3][-]{subsubsection.6.2.4}{Mediator}{subsection.6.2}% 37
\BOOKMARK [2][-]{subsection.6.3}{Brokerage\040roly}{section.6}% 38
\BOOKMARK [3][-]{subsubsection.6.3.1}{Identifik\341cia\040brokerage\040rol\355}{subsection.6.3}% 39
\BOOKMARK [3][-]{subsubsection.6.3.2}{Popis\040met\363dy\040pre\040identifik\341ciu\040brokerage\040rol\355}{subsection.6.3}% 40
\BOOKMARK [2][-]{subsection.6.4}{Anal\375za\040ega}{section.6}% 41
\BOOKMARK [3][-]{subsubsection.6.4.1}{\376\377\000V\000e\001\076\000k\000o\000s\001\145\000\040\000e\000g\000o\000\040\000s\000i\000e\000t\000e}{subsection.6.4}% 42
\BOOKMARK [3][-]{subsubsection.6.4.2}{Kompoz\355cia\040ego\040siete}{subsection.6.4}% 43
\BOOKMARK [3][-]{subsubsection.6.4.3}{\227trukt\372ra\040ego\040siete}{subsection.6.4}% 44
\BOOKMARK [1][-]{section.7}{Aplik\341cia}{}% 45
\BOOKMARK [2][-]{subsection.7.1}{\227pecifik\341cia}{section.7}% 46
\BOOKMARK [3][-]{subsubsection.7.1.1}{\376\377\000F\000u\000n\000k\001\015\000n\000\351\000\040\000p\000o\001\176\000i\000a\000d\000a\000v\000k\000y}{subsection.7.1}% 47
\BOOKMARK [2][-]{subsection.7.2}{N\341vrh}{section.7}% 48
\BOOKMARK [3][-]{subsubsection.7.2.1}{N\341vrhov\351\040vzory}{subsection.7.2}% 49
\BOOKMARK [2][-]{subsection.7.3}{D\364le\236it\351\040rozhodnutia}{section.7}% 50
\BOOKMARK [3][-]{subsubsection.7.3.1}{\376\377\000D\000o\000s\000t\000u\000p\000n\000o\000s\001\145\000\040\000d\000\341\000t}{subsection.7.3}% 51
\BOOKMARK [3][-]{subsubsection.7.3.2}{Webov\341\040vs.\040desktopov\341\040aplik\341cia}{subsection.7.3}% 52
\BOOKMARK [2][-]{subsection.7.4}{Pou\236it\351\040kni\236nice}{section.7}% 53
\BOOKMARK [2][-]{subsection.7.5}{Import\040d\341t}{section.7}% 54
\BOOKMARK [2][-]{subsection.7.6}{Implement\341cia}{section.7}% 55
\BOOKMARK [3][-]{subsubsection.7.6.1}{Met\363da\040pre\040z\355skanie\040emailov\375ch\040d\341t}{subsection.7.6}% 56
\BOOKMARK [3][-]{subsubsection.7.6.2}{Kon\235trukcia\040siete}{subsection.7.6}% 57
\BOOKMARK [3][-]{subsubsection.7.6.3}{Kon\235trukcia\040ego\040siete}{subsection.7.6}% 58
\BOOKMARK [3][-]{subsubsection.7.6.4}{Triedy\040pre\040graf,\040vrcholy\040a\040hrany}{subsection.7.6}% 59
\BOOKMARK [1][-]{section.8}{Experimenty}{}% 60
\BOOKMARK [2][-]{subsection.8.1}{Anal\375za\040emailovej\040komunik\341cie\040t\355mu}{section.8}% 61
\BOOKMARK [3][-]{subsubsection.8.1.1}{Pr\355prava\040a\040import\040d\341t}{subsection.8.1}% 62
\BOOKMARK [3][-]{subsubsection.8.1.2}{Vizualiz\341cia\040datasetu}{subsection.8.1}% 63
\BOOKMARK [3][-]{subsubsection.8.1.3}{Detekcia\040komun\355t}{subsection.8.1}% 64
\BOOKMARK [4][-]{paragraph.8.1.3.1}{\376\377\000Z\000m\000e\000n\000y\000\040\000k\000o\000m\000u\000n\000\355\000t\000\040\000v\000\040\001\015\000a\000s\000e}{subsubsection.8.1.3}% 65
\BOOKMARK [3][-]{subsubsection.8.1.4}{\376\377\000E\000g\000o\000\040\000s\000i\000e\001\145}{subsection.8.1}% 66
\BOOKMARK [3][-]{subsubsection.8.1.5}{Anal\375za\040rol\355}{subsection.8.1}% 67
\BOOKMARK [4][-]{paragraph.8.1.5.1}{SSRM}{subsubsection.8.1.5}% 68
\BOOKMARK [4][-]{paragraph.8.1.5.2}{Brokerage}{subsubsection.8.1.5}% 69
\BOOKMARK [2][-]{subsection.8.2}{Anal\375za\040jednotlivca}{section.8}% 70
\BOOKMARK [3][-]{subsubsection.8.2.1}{Pr\355prava\040a\040import\040d\341t}{subsection.8.2}% 71
\BOOKMARK [3][-]{subsubsection.8.2.2}{Inform\341cie\040o\040datasete}{subsection.8.2}% 72
\BOOKMARK [3][-]{subsubsection.8.2.3}{Detekcia\040komun\355t}{subsection.8.2}% 73
\BOOKMARK [4][-]{paragraph.8.2.3.1}{\376\377\000Z\000m\000e\000n\000y\000\040\000k\000o\000m\000u\000n\000\355\000t\000\040\000v\000\040\001\015\000a\000s\000e}{subsubsection.8.2.3}% 74
\BOOKMARK [3][-]{subsubsection.8.2.4}{\376\377\000E\000g\000o\000\040\000s\000i\000e\001\145}{subsection.8.2}% 75
\BOOKMARK [3][-]{subsubsection.8.2.5}{Anal\375za\040rol\355}{subsection.8.2}% 76
\BOOKMARK [4][-]{paragraph.8.2.5.1}{SSRM}{subsubsection.8.2.5}% 77
\BOOKMARK [4][-]{paragraph.8.2.5.2}{Brokerage}{subsubsection.8.2.5}% 78
\BOOKMARK [1][-]{section.9}{Z\341ver}{}% 79
\BOOKMARK [2][-]{subsection.9.1}{Mo\236nosti\040roz\235\355renia\040a\040zdokonalenia\040pr\341ce}{section.9}% 80
\BOOKMARK [3][-]{subsubsection.9.1.1}{Mo\236n\351\040roz\235\355renia\040aplik\341cie}{subsection.9.1}% 81
\BOOKMARK [1][-]{subsubsection.9.1.1}{Literat\372ra}{}% 82
\BOOKMARK [1][-]{section.10}{Pr\355lohy}{}% 83
